0 info it worked if it ends with ok
1 verbose cli [ '/usr/bin/nodejs', '/usr/bin/npm', 'run', 'build' ]
2 info using npm@3.5.2
3 info using node@v4.2.6
4 verbose run-script [ 'prebuild', 'build', 'postbuild' ]
5 info lifecycle pontek@0.1.0~prebuild: pontek@0.1.0
6 silly lifecycle pontek@0.1.0~prebuild: no script for prebuild, continuing
7 info lifecycle pontek@0.1.0~build: pontek@0.1.0
8 verbose lifecycle pontek@0.1.0~build: unsafe-perm in lifecycle true
9 verbose lifecycle pontek@0.1.0~build: PATH: /usr/share/npm/bin/node-gyp-bin:/mnt/d/dev/web/pontek/node_modules/.bin:/home/korv55/bin:/home/korv55/.local/bin:/usr/local/sbin:/usr/local/bin:/usr/sbin:/usr/bin:/sbin:/bin:/usr/games:/usr/local/games:/mnt/d/dev/web/pontek/node_modules/.bin:/mnt/c/Program Files (x86)/Common Files/Oracle/Java/javapath:/mnt/c/Program Files (x86)/Razer Chroma SDK/bin:/mnt/c/Program Files/Razer Chroma SDK/bin:/mnt/c/ProgramData/Oracle/Java/javapath:/mnt/i/Program/Microsoft VS Code/bin:/mnt/h/Program/Git/bin:/mnt/c/Windows/system32:/mnt/c/Windows:/mnt/c/Windows/System32/Wbem:/mnt/c/Windows/System32/WindowsPowerShell/v1.0/:/mnt/c/Users/pontu/AppData/Roaming/npm:/mnt/c/Windows/system32/config/systemprofile/AppData/Local/Microsoft/WindowsApps:/mnt/i/Program/Git/cmd:/mnt/c/WINDOWS/system32:/mnt/c/WINDOWS:/mnt/c/WINDOWS/System32/Wbem:/mnt/c/WINDOWS/System32/WindowsPowerShell/v1.0/:/mnt/c/WINDOWS/System32/OpenSSH/:/mnt/c/Program Files/nodejs:/mnt/c/Users/pontu/AppData/Local/Programs/Python/Python36/Scripts/:/mnt/c/Users/pontu/AppData/Local/Programs/Python/Python36/:/mnt/c/Users/pontu/AppData/Local/Programs/Python/Launcher/:/mnt/c/Users/pontu/AppData/Local/Microsoft/WindowsApps:/mnt/d/program/JetBrains/PhpStorm 2019.1.2/bin:/snap/bin
10 verbose lifecycle pontek@0.1.0~build: CWD: /mnt/d/dev/web/pontek
11 silly lifecycle pontek@0.1.0~build: Args: [ '-c', 'react-scripts build' ]
12 silly lifecycle pontek@0.1.0~build: Returned: code: 1  signal: null
13 info lifecycle pontek@0.1.0~build: Failed to exec build script
14 verbose stack Error: pontek@0.1.0 build: `react-scripts build`
14 verbose stack Exit status 1
14 verbose stack     at EventEmitter.<anonymous> (/usr/share/npm/lib/utils/lifecycle.js:232:16)
14 verbose stack     at emitTwo (events.js:87:13)
14 verbose stack     at EventEmitter.emit (events.js:172:7)
14 verbose stack     at ChildProcess.<anonymous> (/usr/share/npm/lib/utils/spawn.js:24:14)
14 verbose stack     at emitTwo (events.js:87:13)
14 verbose stack     at ChildProcess.emit (events.js:172:7)
14 verbose stack     at maybeClose (internal/child_process.js:821:16)
14 verbose stack     at Process.ChildProcess._handle.onexit (internal/child_process.js:211:5)
15 verbose pkgid pontek@0.1.0
16 verbose cwd /mnt/d/dev/web/pontek
17 error Linux 4.4.0-18362-Microsoft
18 error argv "/usr/bin/nodejs" "/usr/bin/npm" "run" "build"
19 error node v4.2.6
20 error npm  v3.5.2
21 error code ELIFECYCLE
22 error pontek@0.1.0 build: `react-scripts build`
22 error Exit status 1
23 error Failed at the pontek@0.1.0 build script 'react-scripts build'.
23 error Make sure you have the latest version of node.js and npm installed.
23 error If you do, this is most likely a problem with the pontek package,
23 error not with npm itself.
23 error Tell the author that this fails on your system:
23 error     react-scripts build
23 error You can get information on how to open an issue for this project with:
23 error     npm bugs pontek
23 error Or if that isn't available, you can get their info via:
23 error     npm owner ls pontek
23 error There is likely additional logging output above.
24 verbose exit [ 1, true ]
